<?xml version="1.0" encoding="UTF-8"?>
<!-- Generated by org.testng.reporters.JUnitXMLReporter -->
<testsuite hostname="DTBLR01LP124" name="Default test" tests="2" failures="0" timestamp="19 Apr 2023 05:24:47 GMT" time="0.02" errors="0">
  <testcase name="@BeforeClass SetUp" time="0.0" classname="com.TestCaseWhiteBoard.TopToolBarFunctionalities">
    <failure type="org.testng.TestNGException" message="
Parameter &amp;apos;browser&amp;apos; is required by @Configuration on method SetUp but has not been marked @Optional or defined
in C:\Users\dominicroya\AppData\Local\Temp\testng-eclipse--1658784125\testng-customsuite.xml">
      <![CDATA[org.testng.TestNGException: 
Parameter 'browser' is required by @Configuration on method SetUp but has not been marked @Optional or defined
in C:\Users\dominicroya\AppData\Local\Temp\testng-eclipse--1658784125\testng-customsuite.xml
	at org.testng.internal.Parameters.createParameters(Parameters.java:154)
	at org.testng.internal.Parameters.createParameters(Parameters.java:361)
	at org.testng.internal.Parameters.createConfigurationParameters(Parameters.java:84)
	at org.testng.internal.Invoker.invokeConfigurations(Invoker.java:201)
	at org.testng.internal.Invoker.invokeConfigurations(Invoker.java:142)
	at org.testng.internal.TestMethodWorker.invokeBeforeClassMethods(TestMethodWorker.java:178)
	at org.testng.internal.TestMethodWorker.run(TestMethodWorker.java:108)
	at org.testng.TestRunner.privateRun(TestRunner.java:782)
	at org.testng.TestRunner.run(TestRunner.java:632)
	at org.testng.SuiteRunner.runTest(SuiteRunner.java:366)
	at org.testng.SuiteRunner.runSequentially(SuiteRunner.java:361)
	at org.testng.SuiteRunner.privateRun(SuiteRunner.java:319)
	at org.testng.SuiteRunner.run(SuiteRunner.java:268)
	at org.testng.SuiteRunnerWorker.runSuite(SuiteRunnerWorker.java:52)
	at org.testng.SuiteRunnerWorker.run(SuiteRunnerWorker.java:86)
	at org.testng.TestNG.runSuitesSequentially(TestNG.java:1244)
	at org.testng.TestNG.runSuitesLocally(TestNG.java:1169)
	at org.testng.TestNG.run(TestNG.java:1064)
	at org.testng.remote.RemoteTestNG.run(RemoteTestNG.java:113)
	at org.testng.remote.RemoteTestNG.initAndRun(RemoteTestNG.java:206)
	at org.testng.remote.RemoteTestNG.main(RemoteTestNG.java:177)
]]>
    </failure>
  </testcase> <!-- @BeforeClass SetUp -->
  <testcase name="@AfterMethod screenShot" time="0.0" classname="com.TestCaseWhiteBoard.TopToolBarFunctionalities">
    <skipped/>
  </testcase> <!-- @AfterMethod screenShot -->
  <testcase name="@AfterMethod screenShot" time="0.0" classname="com.TestCaseWhiteBoard.TopToolBarFunctionalities">
    <skipped/>
  </testcase> <!-- @AfterMethod screenShot -->
  <testcase name="@AfterClass tearDown" time="0.0" classname="com.TestCaseWhiteBoard.TopToolBarFunctionalities">
    <skipped/>
  </testcase> <!-- @AfterClass tearDown -->
  <testcase name="LanguageChange" time="0.0" classname="com.TestCaseWhiteBoard.TopToolBarFunctionalities">
    <skipped/>
  </testcase> <!-- LanguageChange -->
  <testcase name="ColourPenThickness" time="0.0" classname="com.TestCaseWhiteBoard.TopToolBarFunctionalities">
    <skipped/>
  </testcase> <!-- ColourPenThickness -->
</testsuite> <!-- Default test -->
