<?xml version="1.0" encoding="UTF-8"?>
<!-- Generated by org.testng.reporters.JUnitXMLReporter -->
<testsuite hostname="DTBLR01LP124" name="Test" tests="17" failures="0" timestamp="30 Mar 2023 13:03:23 GMT" time="178.127" errors="0">
  <testcase name="@BeforeClass SetUp" time="0.0" classname="com.TestCaseWhiteBoard.TopToolBarFunctionalities">
    <failure type="org.openqa.selenium.NoSuchElementException" message="no such element: Unable to locate element: {&amp;quot;method&amp;quot;:&amp;quot;xpath&amp;quot;,&amp;quot;selector&amp;quot;:&amp;quot;//p[text()=&amp;apos;Skip for good&amp;apos;]&amp;quot;}
  (Session info: chrome=111.0.5563.147)
For documentation on this error, please visit: https://www.seleniumhq.org/exceptions/no_such_element.html
Build info: version: &amp;apos;3.141.59&amp;apos;, revision: &amp;apos;e82be7d358&amp;apos;, time: &amp;apos;2018-11-14T08:17:03&amp;apos;
System info: host: &amp;apos;DTBLR01LP124&amp;apos;, ip: &amp;apos;192.168.70.39&amp;apos;, os.name: &amp;apos;Windows 10&amp;apos;, os.arch: &amp;apos;amd64&amp;apos;, os.version: &amp;apos;10.0&amp;apos;, java.version: &amp;apos;1.8.0_211&amp;apos;
Driver info: org.openqa.selenium.chrome.ChromeDriver
Capabilities {acceptInsecureCerts: false, browserName: chrome, browserVersion: 111.0.5563.147, chrome: {chromedriverVersion: 110.0.5481.77 (65ed616c6e8e..., userDataDir: C:\Users\DOMINI~1\AppData\L...}, goog:chromeOptions: {debuggerAddress: localhost:60591}, javascriptEnabled: true, networkConnectionEnabled: false, pageLoadStrategy: normal, platform: WINDOWS, platformName: WINDOWS, proxy: Proxy(), setWindowRect: true, strictFileInteractability: false, timeouts: {implicit: 0, pageLoad: 300000, script: 30000}, unhandledPromptBehavior: dismiss and notify, webauthn:extension:credBlob: true, webauthn:extension:largeBlob: true, webauthn:virtualAuthenticators: true}
Session ID: 6abc473133b98c948d54cd1e904bb813
*** Element info: {Using=xpath, value=//p[text()=&amp;apos;Skip for good&amp;apos;]}">
      <![CDATA[org.openqa.selenium.NoSuchElementException: no such element: Unable to locate element: {"method":"xpath","selector":"//p[text()='Skip for good']"}
  (Session info: chrome=111.0.5563.147)
For documentation on this error, please visit: https://www.seleniumhq.org/exceptions/no_such_element.html
Build info: version: '3.141.59', revision: 'e82be7d358', time: '2018-11-14T08:17:03'
System info: host: 'DTBLR01LP124', ip: '192.168.70.39', os.name: 'Windows 10', os.arch: 'amd64', os.version: '10.0', java.version: '1.8.0_211'
Driver info: org.openqa.selenium.chrome.ChromeDriver
Capabilities {acceptInsecureCerts: false, browserName: chrome, browserVersion: 111.0.5563.147, chrome: {chromedriverVersion: 110.0.5481.77 (65ed616c6e8e..., userDataDir: C:\Users\DOMINI~1\AppData\L...}, goog:chromeOptions: {debuggerAddress: localhost:60591}, javascriptEnabled: true, networkConnectionEnabled: false, pageLoadStrategy: normal, platform: WINDOWS, platformName: WINDOWS, proxy: Proxy(), setWindowRect: true, strictFileInteractability: false, timeouts: {implicit: 0, pageLoad: 300000, script: 30000}, unhandledPromptBehavior: dismiss and notify, webauthn:extension:credBlob: true, webauthn:extension:largeBlob: true, webauthn:virtualAuthenticators: true}
Session ID: 6abc473133b98c948d54cd1e904bb813
*** Element info: {Using=xpath, value=//p[text()='Skip for good']}
	at org.openqa.selenium.remote.http.W3CHttpResponseCodec.createException(W3CHttpResponseCodec.java:187)
	at org.openqa.selenium.remote.http.W3CHttpResponseCodec.decode(W3CHttpResponseCodec.java:122)
	at org.openqa.selenium.remote.http.W3CHttpResponseCodec.decode(W3CHttpResponseCodec.java:49)
	at org.openqa.selenium.remote.HttpCommandExecutor.execute(HttpCommandExecutor.java:158)
	at org.openqa.selenium.remote.service.DriverCommandExecutor.execute(DriverCommandExecutor.java:83)
	at org.openqa.selenium.remote.RemoteWebDriver.execute(RemoteWebDriver.java:552)
	at org.openqa.selenium.remote.RemoteWebDriver.findElement(RemoteWebDriver.java:323)
	at org.openqa.selenium.remote.RemoteWebDriver.findElementByXPath(RemoteWebDriver.java:428)
	at org.openqa.selenium.By$ByXPath.findElement(By.java:353)
	at org.openqa.selenium.remote.RemoteWebDriver.findElement(RemoteWebDriver.java:315)
	at org.openqa.selenium.support.pagefactory.DefaultElementLocator.findElement(DefaultElementLocator.java:69)
	at org.openqa.selenium.support.pagefactory.internal.LocatingElementHandler.invoke(LocatingElementHandler.java:38)
	at com.sun.proxy.$Proxy9.click(Unknown Source)
	at com.POMWhiteBoard.LandingPagePOM.skipforGood(LandingPagePOM.java:43)
	at com.TestCaseWhiteBoard.BaseClass.SetUp(BaseClass.java:50)
... Removed 28 stack frames]]>
    </failure>
  </testcase> <!-- @BeforeClass SetUp -->
  <testcase name="@BeforeClass SetUp" time="0.0" classname="com.TestCaseWhiteBoard.RightToolBarFunctionalities">
    <skipped/>
  </testcase> <!-- @BeforeClass SetUp -->
  <testcase name="@BeforeClass SetUp" time="0.0" classname="com.TestCaseWhiteBoard.LowerToolBarFunctionalities">
    <skipped/>
  </testcase> <!-- @BeforeClass SetUp -->
  <testcase name="PenDraw" time="19.806" classname="com.TestCaseWhiteBoard.LeftToolBarFunctionalities"/>
  <testcase name="Click_Type" time="11.785" classname="com.TestCaseWhiteBoard.LeftToolBarFunctionalities"/>
  <testcase name="GridTool" time="9.569" classname="com.TestCaseWhiteBoard.LeftToolBarFunctionalities"/>
  <testcase name="ClearGrid" time="12.91" classname="com.TestCaseWhiteBoard.LeftToolBarFunctionalities"/>
  <testcase name="ContentUpload" time="26.065" classname="com.TestCaseWhiteBoard.LeftToolBarFunctionalities"/>
  <testcase name="ShapeTriangle" time="7.1" classname="com.TestCaseWhiteBoard.LeftToolBarFunctionalities"/>
  <testcase name="ShapeCircle" time="6.853" classname="com.TestCaseWhiteBoard.LeftToolBarFunctionalities"/>
  <testcase name="ShapePolygon" time="6.911" classname="com.TestCaseWhiteBoard.LeftToolBarFunctionalities"/>
  <testcase name="WhiteOut" time="15.726" classname="com.TestCaseWhiteBoard.LeftToolBarFunctionalities"/>
  <testcase name="UndoRedoDelete" time="0.006" classname="com.TestCaseWhiteBoard.TopToolBarFunctionalities">
    <skipped/>
  </testcase> <!-- UndoRedoDelete -->
  <testcase name="student_demo" time="0.001" classname="com.TestCaseWhiteBoard.TopToolBarFunctionalities">
    <skipped/>
  </testcase> <!-- student_demo -->
  <testcase name="MyBoardDownload" time="0.002" classname="com.TestCaseWhiteBoard.TopToolBarFunctionalities">
    <skipped/>
  </testcase> <!-- MyBoardDownload -->
  <testcase name="Gizmos" time="0.0" classname="com.TestCaseWhiteBoard.RightToolBarFunctionalities">
    <skipped/>
  </testcase> <!-- Gizmos -->
  <testcase name="PlayYouTube" time="0.0" classname="com.TestCaseWhiteBoard.RightToolBarFunctionalities">
    <skipped/>
  </testcase> <!-- PlayYouTube -->
  <testcase name="Login" time="0.0" classname="com.TestCaseWhiteBoard.LowerToolBarFunctionalities">
    <skipped/>
  </testcase> <!-- Login -->
  <testcase name="PageNation" time="0.001" classname="com.TestCaseWhiteBoard.LowerToolBarFunctionalities">
    <skipped/>
  </testcase> <!-- PageNation -->
  <testcase name="RenameBoard" time="0.0" classname="com.TestCaseWhiteBoard.LowerToolBarFunctionalities">
    <skipped/>
  </testcase> <!-- RenameBoard -->
</testsuite> <!-- Test -->
